running egg_info
creating ../../build/menu_order_project/menu_order_project.egg-info
writing ../../build/menu_order_project/menu_order_project.egg-info/PKG-INFO
writing dependency_links to ../../build/menu_order_project/menu_order_project.egg-info/dependency_links.txt
writing entry points to ../../build/menu_order_project/menu_order_project.egg-info/entry_points.txt
writing requirements to ../../build/menu_order_project/menu_order_project.egg-info/requires.txt
writing top-level names to ../../build/menu_order_project/menu_order_project.egg-info/top_level.txt
writing manifest file '../../build/menu_order_project/menu_order_project.egg-info/SOURCES.txt'
reading manifest file '../../build/menu_order_project/menu_order_project.egg-info/SOURCES.txt'
writing manifest file '../../build/menu_order_project/menu_order_project.egg-info/SOURCES.txt'
running build
running build_py
creating /home/yjh/Doosan/Real_project_ws/Week4/B5/build/menu_order_project/build/lib/menu_order_project
copying menu_order_project/menu_order.py -> /home/yjh/Doosan/Real_project_ws/Week4/B5/build/menu_order_project/build/lib/menu_order_project
copying menu_order_project/table_order.py -> /home/yjh/Doosan/Real_project_ws/Week4/B5/build/menu_order_project/build/lib/menu_order_project
copying menu_order_project/kitchen_monitoring.py -> /home/yjh/Doosan/Real_project_ws/Week4/B5/build/menu_order_project/build/lib/menu_order_project
copying menu_order_project/temp_update_db.py -> /home/yjh/Doosan/Real_project_ws/Week4/B5/build/menu_order_project/build/lib/menu_order_project
copying menu_order_project/test_order.py -> /home/yjh/Doosan/Real_project_ws/Week4/B5/build/menu_order_project/build/lib/menu_order_project
copying menu_order_project/test_sub.py -> /home/yjh/Doosan/Real_project_ws/Week4/B5/build/menu_order_project/build/lib/menu_order_project
copying menu_order_project/__init__.py -> /home/yjh/Doosan/Real_project_ws/Week4/B5/build/menu_order_project/build/lib/menu_order_project
copying menu_order_project/check_data_pyqt5.py -> /home/yjh/Doosan/Real_project_ws/Week4/B5/build/menu_order_project/build/lib/menu_order_project
copying menu_order_project/db_manager.py -> /home/yjh/Doosan/Real_project_ws/Week4/B5/build/menu_order_project/build/lib/menu_order_project
copying menu_order_project/test_robot_controll.py -> /home/yjh/Doosan/Real_project_ws/Week4/B5/build/menu_order_project/build/lib/menu_order_project
running install
running install_lib
creating /home/yjh/Doosan/Real_project_ws/Week4/B5/install/menu_order_project/lib/python3.10/site-packages/menu_order_project
copying /home/yjh/Doosan/Real_project_ws/Week4/B5/build/menu_order_project/build/lib/menu_order_project/menu_order.py -> /home/yjh/Doosan/Real_project_ws/Week4/B5/install/menu_order_project/lib/python3.10/site-packages/menu_order_project
copying /home/yjh/Doosan/Real_project_ws/Week4/B5/build/menu_order_project/build/lib/menu_order_project/table_order.py -> /home/yjh/Doosan/Real_project_ws/Week4/B5/install/menu_order_project/lib/python3.10/site-packages/menu_order_project
copying /home/yjh/Doosan/Real_project_ws/Week4/B5/build/menu_order_project/build/lib/menu_order_project/kitchen_monitoring.py -> /home/yjh/Doosan/Real_project_ws/Week4/B5/install/menu_order_project/lib/python3.10/site-packages/menu_order_project
copying /home/yjh/Doosan/Real_project_ws/Week4/B5/build/menu_order_project/build/lib/menu_order_project/temp_update_db.py -> /home/yjh/Doosan/Real_project_ws/Week4/B5/install/menu_order_project/lib/python3.10/site-packages/menu_order_project
copying /home/yjh/Doosan/Real_project_ws/Week4/B5/build/menu_order_project/build/lib/menu_order_project/test_order.py -> /home/yjh/Doosan/Real_project_ws/Week4/B5/install/menu_order_project/lib/python3.10/site-packages/menu_order_project
copying /home/yjh/Doosan/Real_project_ws/Week4/B5/build/menu_order_project/build/lib/menu_order_project/test_sub.py -> /home/yjh/Doosan/Real_project_ws/Week4/B5/install/menu_order_project/lib/python3.10/site-packages/menu_order_project
copying /home/yjh/Doosan/Real_project_ws/Week4/B5/build/menu_order_project/build/lib/menu_order_project/__init__.py -> /home/yjh/Doosan/Real_project_ws/Week4/B5/install/menu_order_project/lib/python3.10/site-packages/menu_order_project
copying /home/yjh/Doosan/Real_project_ws/Week4/B5/build/menu_order_project/build/lib/menu_order_project/check_data_pyqt5.py -> /home/yjh/Doosan/Real_project_ws/Week4/B5/install/menu_order_project/lib/python3.10/site-packages/menu_order_project
copying /home/yjh/Doosan/Real_project_ws/Week4/B5/build/menu_order_project/build/lib/menu_order_project/db_manager.py -> /home/yjh/Doosan/Real_project_ws/Week4/B5/install/menu_order_project/lib/python3.10/site-packages/menu_order_project
copying /home/yjh/Doosan/Real_project_ws/Week4/B5/build/menu_order_project/build/lib/menu_order_project/test_robot_controll.py -> /home/yjh/Doosan/Real_project_ws/Week4/B5/install/menu_order_project/lib/python3.10/site-packages/menu_order_project
byte-compiling /home/yjh/Doosan/Real_project_ws/Week4/B5/install/menu_order_project/lib/python3.10/site-packages/menu_order_project/menu_order.py to menu_order.cpython-310.pyc
byte-compiling /home/yjh/Doosan/Real_project_ws/Week4/B5/install/menu_order_project/lib/python3.10/site-packages/menu_order_project/table_order.py to table_order.cpython-310.pyc
byte-compiling /home/yjh/Doosan/Real_project_ws/Week4/B5/install/menu_order_project/lib/python3.10/site-packages/menu_order_project/kitchen_monitoring.py to kitchen_monitoring.cpython-310.pyc
byte-compiling /home/yjh/Doosan/Real_project_ws/Week4/B5/install/menu_order_project/lib/python3.10/site-packages/menu_order_project/temp_update_db.py to temp_update_db.cpython-310.pyc
byte-compiling /home/yjh/Doosan/Real_project_ws/Week4/B5/install/menu_order_project/lib/python3.10/site-packages/menu_order_project/test_order.py to test_order.cpython-310.pyc
byte-compiling /home/yjh/Doosan/Real_project_ws/Week4/B5/install/menu_order_project/lib/python3.10/site-packages/menu_order_project/test_sub.py to test_sub.cpython-310.pyc
byte-compiling /home/yjh/Doosan/Real_project_ws/Week4/B5/install/menu_order_project/lib/python3.10/site-packages/menu_order_project/__init__.py to __init__.cpython-310.pyc
byte-compiling /home/yjh/Doosan/Real_project_ws/Week4/B5/install/menu_order_project/lib/python3.10/site-packages/menu_order_project/check_data_pyqt5.py to check_data_pyqt5.cpython-310.pyc
byte-compiling /home/yjh/Doosan/Real_project_ws/Week4/B5/install/menu_order_project/lib/python3.10/site-packages/menu_order_project/db_manager.py to db_manager.cpython-310.pyc
byte-compiling /home/yjh/Doosan/Real_project_ws/Week4/B5/install/menu_order_project/lib/python3.10/site-packages/menu_order_project/test_robot_controll.py to test_robot_controll.cpython-310.pyc
running install_data
creating /home/yjh/Doosan/Real_project_ws/Week4/B5/install/menu_order_project/share/ament_index/resource_index/packages
copying resource/menu_order_project -> /home/yjh/Doosan/Real_project_ws/Week4/B5/install/menu_order_project/share/ament_index/resource_index/packages
copying package.xml -> /home/yjh/Doosan/Real_project_ws/Week4/B5/install/menu_order_project/share/menu_order_project
creating /home/yjh/Doosan/Real_project_ws/Week4/B5/install/menu_order_project/share/menu_order_project/srv
copying ../menu_order_interfaces/srv/MenuUpdate.srv -> /home/yjh/Doosan/Real_project_ws/Week4/B5/install/menu_order_project/share/menu_order_project/srv
copying ../menu_order_interfaces/srv/MenuTable.srv -> /home/yjh/Doosan/Real_project_ws/Week4/B5/install/menu_order_project/share/menu_order_project/srv
running install_egg_info
Copying ../../build/menu_order_project/menu_order_project.egg-info to /home/yjh/Doosan/Real_project_ws/Week4/B5/install/menu_order_project/lib/python3.10/site-packages/menu_order_project-0.0.0-py3.10.egg-info
running install_scripts
Installing P script to /home/yjh/Doosan/Real_project_ws/Week4/B5/install/menu_order_project/lib/menu_order_project
Installing S script to /home/yjh/Doosan/Real_project_ws/Week4/B5/install/menu_order_project/lib/menu_order_project
Installing test_P script to /home/yjh/Doosan/Real_project_ws/Week4/B5/install/menu_order_project/lib/menu_order_project
Installing test_R script to /home/yjh/Doosan/Real_project_ws/Week4/B5/install/menu_order_project/lib/menu_order_project
Installing test_S script to /home/yjh/Doosan/Real_project_ws/Week4/B5/install/menu_order_project/lib/menu_order_project
writing list of installed files to '/home/yjh/Doosan/Real_project_ws/Week4/B5/build/menu_order_project/install.log'
